TN:
SF:src\constants.ts
FN:1,(anonymous_0)
FNF:1
FNH:1
FNDA:1,(anonymous_0)
DA:1,1
DA:2,1
DA:3,1
DA:4,1
DA:5,1
DA:6,1
DA:7,1
LF:7
LH:7
BRDA:1,0,0,1
BRDA:1,0,1,1
BRF:2
BRH:2
end_of_record
TN:
SF:src\dateUtils.ts
FN:4,getCurrentYear
FN:8,add
FN:12,isWithinRange
FN:16,isDateBefore
FN:20,isSameDay
FNF:5
FNH:5
FNDA:1,getCurrentYear
FNDA:5,add
FNDA:4,isWithinRange
FNDA:4,isDateBefore
FNDA:5,isSameDay
DA:1,1
DA:2,1
DA:4,1
DA:5,1
DA:8,1
DA:9,5
DA:12,1
DA:13,4
DA:16,1
DA:17,4
DA:20,1
DA:21,5
LF:12
LH:12
BRDA:8,0,0,0
BRF:1
BRH:0
end_of_record
